[2026-03-01 17:04:02.950] [INFO] [MAIN] 程序启动，日志文件: C:\Users\20731\.openclaw\workspace\logic\prototype\logs\debug\debug_20260301_170402.log
[2026-03-01 17:04:02.965] [INFO] [ENGINE] 引擎模块加载成功
[2026-03-01 17:04:03.053] [INFO] [GUI] 选择角色时加载历史状态
    Extra: 六轴: {'Intimacy': 2, 'Risk': 3, 'Info': 3, 'Action': 2, 'Rel': 4, 'Growth': 5}
[2026-03-01 17:04:03.054] [INFO] [GUI] 更新Perception预览
    Extra: 输入长度: 0, 输出长度: 0
[2026-03-01 17:04:03.054] [INFO] [GUI] 更新Director预览
    Extra: 输入长度: 0, 输出长度: 0
[2026-03-01 17:04:03.055] [INFO] [GUI] 更新Predictor预览
    Extra: 输入长度: 0, 输出长度: 0
[2026-03-01 17:04:03.055] [INFO] [GUI] 更新Performer预览
    Extra: 输入长度: 0, 输出长度: 0
[2026-03-01 17:04:08.091] [INFO] [GUI] 选择角色时加载历史状态
    Extra: 六轴: {'Intimacy': 2, 'Risk': 3, 'Info': 3, 'Action': 2, 'Rel': 4, 'Growth': 5}
[2026-03-01 17:04:08.092] [INFO] [GUI] 更新Perception预览
    Extra: 输入长度: 0, 输出长度: 0
[2026-03-01 17:04:08.092] [INFO] [GUI] 更新Director预览
    Extra: 输入长度: 0, 输出长度: 0
[2026-03-01 17:04:08.093] [INFO] [GUI] 更新Predictor预览
    Extra: 输入长度: 0, 输出长度: 0
[2026-03-01 17:04:08.093] [INFO] [GUI] 更新Performer预览
    Extra: 输入长度: 0, 输出长度: 0
[2026-03-01 17:04:23.358] [INFO] [ENGINE] 检查状态文件: C:\Users\20731\.openclaw\workspace\logic\prototype\..\save\state_shenyuxi.json
[2026-03-01 17:04:23.358] [INFO] [ENGINE] 无存档，执行初始化
